2022-Jun-15 20:42:00|INFO|org.hibernate.validator.internal.util.Version|HV000001: Hibernate Validator 6.2.3.Final
2022-Jun-15 20:42:00|INFO|com.example.PKI.PkiApplication|Starting PkiApplication using Java 11.0.14 on PC with PID 5568 (C:\Users\USER\Desktop\XML-BSEP\PKI\target\classes started by USER in C:\Users\USER\Desktop\XML-BSEP\PKI)
2022-Jun-15 20:42:00|INFO|com.example.PKI.PkiApplication|No active profile set, falling back to 1 default profile: "default"
2022-Jun-15 20:42:07|INFO|org.springframework.data.repository.config.RepositoryConfigurationDelegate|Bootstrapping Spring Data JPA repositories in DEFAULT mode.
2022-Jun-15 20:42:08|INFO|org.springframework.data.repository.config.RepositoryConfigurationDelegate|Finished Spring Data repository scanning in 763 ms. Found 4 JPA repository interfaces.
2022-Jun-15 20:42:11|INFO|org.springframework.context.support.PostProcessorRegistrationDelegate$BeanPostProcessorChecker|Bean 'org.springframework.security.access.expression.method.DefaultMethodSecurityExpressionHandler@7bf01cb' of type [org.springframework.security.access.expression.method.DefaultMethodSecurityExpressionHandler] is not eligible for getting processed by all BeanPostProcessors (for example: not eligible for auto-proxying)
2022-Jun-15 20:42:11|INFO|org.springframework.context.support.PostProcessorRegistrationDelegate$BeanPostProcessorChecker|Bean 'methodSecurityMetadataSource' of type [org.springframework.security.access.method.DelegatingMethodSecurityMetadataSource] is not eligible for getting processed by all BeanPostProcessors (for example: not eligible for auto-proxying)
2022-Jun-15 20:42:16|INFO|org.springframework.boot.web.embedded.tomcat.TomcatWebServer|Tomcat initialized with port(s): 8443 (http)
2022-Jun-15 20:42:16|INFO|org.apache.coyote.http11.Http11NioProtocol|Initializing ProtocolHandler ["http-nio-8443"]
2022-Jun-15 20:42:16|INFO|org.apache.catalina.core.StandardService|Starting service [Tomcat]
2022-Jun-15 20:42:16|INFO|org.apache.catalina.core.StandardEngine|Starting Servlet engine: [Apache Tomcat/9.0.60]
2022-Jun-15 20:42:18|INFO|org.apache.catalina.core.ContainerBase.[Tomcat].[localhost].[/]|Initializing Spring embedded WebApplicationContext
2022-Jun-15 20:42:18|INFO|org.springframework.boot.web.servlet.context.ServletWebServerApplicationContext|Root WebApplicationContext: initialization completed in 17143 ms
2022-Jun-15 20:42:20|INFO|org.hibernate.Version|HHH000412: Hibernate ORM core version 5.6.7.Final
2022-Jun-15 20:42:21|INFO|org.hibernate.annotations.common.Version|HCANN000001: Hibernate Commons Annotations {5.1.2.Final}
2022-Jun-15 20:42:22|INFO|com.zaxxer.hikari.HikariDataSource|HikariPool-1 - Starting...
2022-Jun-15 20:42:23|INFO|com.zaxxer.hikari.HikariDataSource|HikariPool-1 - Start completed.
2022-Jun-15 20:42:23|INFO|org.hibernate.dialect.Dialect|HHH000400: Using dialect: org.hibernate.dialect.PostgreSQL95Dialect
2022-Jun-15 20:42:27|INFO|org.hibernate.engine.transaction.jta.platform.internal.JtaPlatformInitiator|HHH000490: Using JtaPlatform implementation: [org.hibernate.engine.transaction.jta.platform.internal.NoJtaPlatform]
2022-Jun-15 20:42:27|INFO|org.springframework.orm.jpa.LocalContainerEntityManagerFactoryBean|Initialized JPA EntityManagerFactory for persistence unit 'default'
2022-Jun-15 20:42:34|INFO|org.springframework.security.web.DefaultSecurityFilterChain|Will secure Ant [pattern='/api/login', POST] with []
2022-Jun-15 20:42:34|INFO|org.springframework.security.web.DefaultSecurityFilterChain|Will secure Ant [pattern='/api/createObject', POST] with []
2022-Jun-15 20:42:34|INFO|org.springframework.security.web.DefaultSecurityFilterChain|Will secure Ant [pattern='/api/confirmAccount/*', GET] with []
2022-Jun-15 20:42:34|INFO|org.springframework.security.web.DefaultSecurityFilterChain|Will secure Ant [pattern='/', GET] with []
2022-Jun-15 20:42:34|INFO|org.springframework.security.web.DefaultSecurityFilterChain|Will secure Ant [pattern='/webjars/**', GET] with []
2022-Jun-15 20:42:34|INFO|org.springframework.security.web.DefaultSecurityFilterChain|Will secure Ant [pattern='/*.html', GET] with []
2022-Jun-15 20:42:34|INFO|org.springframework.security.web.DefaultSecurityFilterChain|Will secure Ant [pattern='favicon.ico', GET] with []
2022-Jun-15 20:42:34|INFO|org.springframework.security.web.DefaultSecurityFilterChain|Will secure Ant [pattern='/**/*.html', GET] with []
2022-Jun-15 20:42:34|INFO|org.springframework.security.web.DefaultSecurityFilterChain|Will secure Ant [pattern='/**/*.css', GET] with []
2022-Jun-15 20:42:34|INFO|org.springframework.security.web.DefaultSecurityFilterChain|Will secure Ant [pattern='/**/*.js', GET] with []
2022-Jun-15 20:42:34|INFO|org.springframework.security.web.DefaultSecurityFilterChain|Will secure any request with [org.springframework.security.web.context.request.async.WebAsyncManagerIntegrationFilter@a1689e8, org.springframework.security.web.context.SecurityContextPersistenceFilter@5fcff272, org.springframework.security.web.header.HeaderWriterFilter@55b78dad, org.springframework.web.filter.CorsFilter@4bb644dc, org.springframework.security.web.authentication.logout.LogoutFilter@4b9dd787, com.example.PKI.security.TokenAuthenticationFilter@23b3afb4, org.springframework.security.web.savedrequest.RequestCacheAwareFilter@3514df8d, org.springframework.security.web.servletapi.SecurityContextHolderAwareRequestFilter@7004cd44, org.springframework.security.web.authentication.AnonymousAuthenticationFilter@2162598, org.springframework.security.web.session.SessionManagementFilter@6fc03cf6, org.springframework.security.web.access.ExceptionTranslationFilter@44bd7f24, org.springframework.security.web.access.intercept.FilterSecurityInterceptor@18d63996]
2022-Jun-15 20:42:35|INFO|org.apache.coyote.http11.Http11NioProtocol|Starting ProtocolHandler ["http-nio-8443"]
2022-Jun-15 20:42:35|INFO|org.springframework.boot.web.embedded.tomcat.TomcatWebServer|Tomcat started on port(s): 8443 (http) with context path ''
2022-Jun-15 20:42:35|INFO|com.example.PKI.PkiApplication|Started PkiApplication in 36.872 seconds (JVM running for 40.683)
2022-Jun-15 20:43:28|INFO|org.apache.catalina.core.ContainerBase.[Tomcat].[localhost].[/]|Initializing Spring DispatcherServlet 'dispatcherServlet'
2022-Jun-15 20:43:28|INFO|org.springframework.web.servlet.DispatcherServlet|Initializing Servlet 'dispatcherServlet'
2022-Jun-15 20:43:28|INFO|org.springframework.web.servlet.DispatcherServlet|Completed initialization in 3 ms
2022-Jun-15 20:45:46|INFO|org.springframework.orm.jpa.LocalContainerEntityManagerFactoryBean|Closing JPA EntityManagerFactory for persistence unit 'default'
2022-Jun-15 20:45:46|INFO|org.hibernate.tool.schema.internal.SchemaDropperImpl$DelayedDropActionImpl|HHH000477: Starting delayed evictData of schema as part of SessionFactory shut-down'
2022-Jun-15 20:45:46|INFO|com.zaxxer.hikari.HikariDataSource|HikariPool-1 - Shutdown initiated...
2022-Jun-15 20:45:46|INFO|com.zaxxer.hikari.HikariDataSource|HikariPool-1 - Shutdown completed.
