{"data":{"user":"stelena","userIP":"[::1]:60879"},"file":"AuthenticationHandler.go:207","func":"gateway/module/infrastructure/handlers.AuthenticationHandler.PasswordLessLoginReq","level":"info","msg":"INFO:Handling PasswordLessLoginReq","time":"2022-06-17T00:26:05Z"}
{"data":{"user":"stelena","userIP":"[::1]:60879"},"file":"AuthenticationHandler.go:90","func":"gateway/module/infrastructure/handlers.AuthenticationHandler.LoginUser","level":"info","msg":"INFO:Handling LOGIN","time":"2022-06-17T00:27:29Z"}
{"data":{"user":"stelena","userIP":"[::1]:60879"},"file":"AuthenticationHandler.go:90","func":"gateway/module/infrastructure/handlers.AuthenticationHandler.LoginUser","level":"info","msg":"INFO:Handling LOGIN","time":"2022-06-17T00:27:40Z"}
{"data":{"user":"stelena","userIP":"[::1]:60879"},"file":"AuthenticationHandler.go:90","func":"gateway/module/infrastructure/handlers.AuthenticationHandler.LoginUser","level":"info","msg":"INFO:Handling LOGIN","time":"2022-06-17T00:28:51Z"}
{"data":{"user":"stelena","userIP":"[::1]:54457"},"file":"AuthenticationHandler.go:90","func":"gateway/module/infrastructure/handlers.AuthenticationHandler.LoginUser","level":"info","msg":"INFO:Handling LOGIN","time":"2022-06-17T00:55:42Z"}
{"data":{"user":"stelena","userIP":"[::1]:54457"},"file":"AuthenticationHandler.go:90","func":"gateway/module/infrastructure/handlers.AuthenticationHandler.LoginUser","level":"info","msg":"INFO:Handling LOGIN","time":"2022-06-17T00:55:43Z"}
{"data":{"user":"stelena","userIP":"[::1]:54457"},"file":"AuthenticationHandler.go:90","func":"gateway/module/infrastructure/handlers.AuthenticationHandler.LoginUser","level":"info","msg":"INFO:Handling LOGIN","time":"2022-06-17T00:55:45Z"}
{"data":{"user":"stelena","userIP":"[::1]:54457"},"file":"AuthenticationHandler.go:90","func":"gateway/module/infrastructure/handlers.AuthenticationHandler.LoginUser","level":"info","msg":"INFO:Handling LOGIN","time":"2022-06-17T00:55:46Z"}
{"data":{"user":"stelena","userIP":"[::1]:54457"},"file":"AuthenticationHandler.go:90","func":"gateway/module/infrastructure/handlers.AuthenticationHandler.LoginUser","level":"info","msg":"INFO:Handling LOGIN","time":"2022-06-17T00:55:51Z"}
{"data":{"user":"steena","userIP":"[::1]:54457"},"file":"AuthenticationHandler.go:90","func":"gateway/module/infrastructure/handlers.AuthenticationHandler.LoginUser","level":"info","msg":"INFO:Handling LOGIN","time":"2022-06-17T00:56:00Z"}
{"data":{"user":"steena","userIP":"[::1]:54457"},"file":"AuthenticationHandler.go:90","func":"gateway/module/infrastructure/handlers.AuthenticationHandler.LoginUser","level":"info","msg":"INFO:Handling LOGIN","time":"2022-06-17T00:56:02Z"}
{"data":{"user":"jradman12","userIP":"[::1]:54815"},"file":"AuthenticationHandler.go:90","func":"gateway/module/infrastructure/handlers.AuthenticationHandler.LoginUser","level":"info","msg":"INFO:Handling LOGIN","time":"2022-06-17T08:05:41Z"}
{"data":{"user":"jradman12","userIP":"[::1]:55157"},"file":"AuthenticationHandler.go:207","func":"gateway/module/infrastructure/handlers.AuthenticationHandler.PasswordLessLoginReq","level":"info","msg":"INFO:Handling PasswordLessLoginReq","time":"2022-06-17T08:12:37Z"}
{"data":{"userIP":"[::1]:58239"},"file":"AuthenticationHandler.go:265","func":"gateway/module/infrastructure/handlers.AuthenticationHandler.PasswordlessLogin","level":"info","msg":"INFO:Handling PasswordlessLogin","time":"2022-06-17T08:13:27Z"}
{"data":{"user":"jradman12","userIP":"[::1]:59450"},"file":"AuthenticationHandler.go:207","func":"gateway/module/infrastructure/handlers.AuthenticationHandler.PasswordLessLoginReq","level":"info","msg":"INFO:Handling PasswordLessLoginReq","time":"2022-06-17T08:16:01Z"}
{"data":{"userIP":"[::1]:59479"},"file":"AuthenticationHandler.go:265","func":"gateway/module/infrastructure/handlers.AuthenticationHandler.PasswordlessLogin","level":"info","msg":"INFO:Handling PasswordlessLogin","time":"2022-06-17T08:17:02Z"}
{"data":{"user":"jradman12","userIP":"[::1]:56512"},"file":"AuthenticationHandler.go:90","func":"gateway/module/infrastructure/handlers.AuthenticationHandler.LoginUser","level":"info","msg":"INFO:Handling LOGIN","time":"2022-06-17T12:17:57Z"}
{"data":{"user":"jradman12","userIP":"[::1]:56512"},"file":"AuthenticationHandler.go:90","func":"gateway/module/infrastructure/handlers.AuthenticationHandler.LoginUser","level":"info","msg":"INFO:Handling LOGIN","time":"2022-06-17T12:17:58Z"}
{"data":{"user":"jradman12","userIP":"[::1]:57682"},"file":"AuthenticationHandler.go:90","func":"gateway/module/infrastructure/handlers.AuthenticationHandler.LoginUser","level":"info","msg":"INFO:Handling LOGIN","time":"2022-06-17T12:18:56Z"}
{"data":{"user":"jradman12","userIP":"[::1]:59490"},"file":"AuthenticationHandler.go:90","func":"gateway/module/infrastructure/handlers.AuthenticationHandler.LoginUser","level":"info","msg":"INFO:Handling LOGIN","time":"2022-06-17T12:19:13Z"}
{"data":{"user":"jradman12","userIP":"[::1]:59497"},"file":"AuthenticationHandler.go:90","func":"gateway/module/infrastructure/handlers.AuthenticationHandler.LoginUser","level":"info","msg":"INFO:Handling LOGIN","time":"2022-06-17T12:20:05Z"}
{"data":{"user":"jradman12","userIP":"[::1]:51056"},"file":"AuthenticationHandler.go:90","func":"gateway/module/infrastructure/handlers.AuthenticationHandler.LoginUser","level":"info","msg":"INFO:Handling LOGIN","time":"2022-06-17T12:20:17Z"}
{"data":{"user":"jradman12","userIP":"[::1]:51073"},"file":"AuthenticationHandler.go:90","func":"gateway/module/infrastructure/handlers.AuthenticationHandler.LoginUser","level":"info","msg":"INFO:Handling LOGIN","time":"2022-06-17T12:21:01Z"}
{"data":{"user":"jradman12","userIP":"[::1]:59920"},"file":"AuthenticationHandler.go:90","func":"gateway/module/infrastructure/handlers.AuthenticationHandler.LoginUser","level":"info","msg":"INFO:Handling LOGIN","time":"2022-06-17T12:21:19Z"}
{"data":{"user":"jradman12","userIP":"[::1]:57354"},"file":"AuthenticationHandler.go:90","func":"gateway/module/infrastructure/handlers.AuthenticationHandler.LoginUser","level":"info","msg":"INFO:Handling LOGIN","time":"2022-06-17T12:23:25Z"}
{"data":{"user":"jradman12","userIP":"[::1]:63304"},"file":"AuthenticationHandler.go:90","func":"gateway/module/infrastructure/handlers.AuthenticationHandler.LoginUser","level":"info","msg":"INFO:Handling LOGIN","time":"2022-06-17T12:31:04Z"}
{"data":{"user":"jradman12","userIP":"[::1]:50502"},"file":"AuthenticationHandler.go:90","func":"gateway/module/infrastructure/handlers.AuthenticationHandler.LoginUser","level":"info","msg":"INFO:Handling LOGIN","time":"2022-06-17T12:36:27Z"}
{"data":{"user":"jradman12","userIP":"[::1]:65486"},"file":"AuthenticationHandler.go:207","func":"gateway/module/infrastructure/handlers.AuthenticationHandler.PasswordLessLoginReq","level":"info","msg":"INFO:Handling PasswordLessLoginReq","time":"2022-06-17T12:44:49Z"}
{"data":{"userIP":"[::1]:63229"},"file":"AuthenticationHandler.go:265","func":"gateway/module/infrastructure/handlers.AuthenticationHandler.PasswordlessLogin","level":"info","msg":"INFO:Handling PasswordlessLogin","time":"2022-06-17T12:45:06Z"}
{"data":{"user":"jradman12","userIP":"[::1]:63264"},"file":"AuthenticationHandler.go:90","func":"gateway/module/infrastructure/handlers.AuthenticationHandler.LoginUser","level":"info","msg":"INFO:Handling LOGIN","time":"2022-06-17T12:46:28Z"}
{"data":{"user":"jradman12","userIP":"[::1]:49297"},"file":"AuthenticationHandler.go:90","func":"gateway/module/infrastructure/handlers.AuthenticationHandler.LoginUser","level":"info","msg":"INFO:Handling LOGIN","time":"2022-06-17T12:51:09Z"}
{"data":{"user":"jradman12","userIP":"[::1]:49312"},"file":"AuthenticationHandler.go:90","func":"gateway/module/infrastructure/handlers.AuthenticationHandler.LoginUser","level":"info","msg":"INFO:Handling LOGIN","time":"2022-06-17T12:51:36Z"}
{"data":{"user":"jradman12","userIP":"[::1]:60163"},"file":"AuthenticationHandler.go:90","func":"gateway/module/infrastructure/handlers.AuthenticationHandler.LoginUser","level":"info","msg":"INFO:Handling LOGIN","time":"2022-06-17T13:14:39Z"}
{"data":{"user":"jradman12","userIP":"[::1]:52744"},"file":"AuthenticationHandler.go:90","func":"gateway/module/infrastructure/handlers.AuthenticationHandler.LoginUser","level":"info","msg":"INFO:Handling LOGIN","time":"2022-06-17T13:15:54Z"}
{"data":{"user":"jradman12","userIP":"[::1]:53567"},"file":"AuthenticationHandler.go:90","func":"gateway/module/infrastructure/handlers.AuthenticationHandler.LoginUser","level":"info","msg":"INFO:Handling LOGIN","time":"2022-06-17T13:16:19Z"}
{"data":{"user":"jradman12","userIP":"[::1]:63231"},"file":"AuthenticationHandler.go:90","func":"gateway/module/infrastructure/handlers.AuthenticationHandler.LoginUser","level":"info","msg":"INFO:Handling LOGIN","time":"2022-06-17T13:23:57Z"}
{"data":{"user":"jradman12","userIP":"[::1]:54737"},"file":"AuthenticationHandler.go:90","func":"gateway/module/infrastructure/handlers.AuthenticationHandler.LoginUser","level":"info","msg":"INFO:Handling LOGIN","time":"2022-06-17T13:34:35Z"}
{"data":{"user":"jradman12","userIP":"[::1]:55629"},"file":"AuthenticationHandler.go:90","func":"gateway/module/infrastructure/handlers.AuthenticationHandler.LoginUser","level":"info","msg":"INFO:Handling LOGIN","time":"2022-06-17T13:40:43Z"}
{"data":{"user":"jradman12","userIP":"[::1]:58912"},"file":"AuthenticationHandler.go:90","func":"gateway/module/infrastructure/handlers.AuthenticationHandler.LoginUser","level":"info","msg":"INFO:Handling LOGIN","time":"2022-06-17T13:42:32Z"}
{"data":{"user":"jradman12","userIP":"[::1]:55670"},"file":"AuthenticationHandler.go:90","func":"gateway/module/infrastructure/handlers.AuthenticationHandler.LoginUser","level":"info","msg":"INFO:Handling LOGIN","time":"2022-06-17T13:45:30Z"}
{"data":{"user":"jradman12","userIP":"[::1]:55675"},"file":"AuthenticationHandler.go:90","func":"gateway/module/infrastructure/handlers.AuthenticationHandler.LoginUser","level":"info","msg":"INFO:Handling LOGIN","time":"2022-06-17T13:45:39Z"}
{"data":{"user":"jradman12","userIP":"[::1]:52794"},"file":"AuthenticationHandler.go:90","func":"gateway/module/infrastructure/handlers.AuthenticationHandler.LoginUser","level":"info","msg":"INFO:Handling LOGIN","time":"2022-06-17T13:46:55Z"}
{"data":{"user":"jradman12","userIP":"[::1]:50871"},"file":"AuthenticationHandler.go:90","func":"gateway/module/infrastructure/handlers.AuthenticationHandler.LoginUser","level":"info","msg":"INFO:Handling LOGIN","time":"2022-06-17T13:48:53Z"}
{"data":{"user":"jradman12","userIP":"[::1]:50135"},"file":"AuthenticationHandler.go:90","func":"gateway/module/infrastructure/handlers.AuthenticationHandler.LoginUser","level":"info","msg":"INFO:Handling LOGIN","time":"2022-06-17T13:51:01Z"}
{"data":{"user":"jradman12","userIP":"[::1]:50143"},"file":"AuthenticationHandler.go:90","func":"gateway/module/infrastructure/handlers.AuthenticationHandler.LoginUser","level":"info","msg":"INFO:Handling LOGIN","time":"2022-06-17T13:51:16Z"}
{"data":{"user":"jradman12","userIP":"[::1]:65107"},"file":"AuthenticationHandler.go:90","func":"gateway/module/infrastructure/handlers.AuthenticationHandler.LoginUser","level":"info","msg":"INFO:Handling LOGIN","time":"2022-06-17T13:52:19Z"}
{"data":{"user":"jradman12","userIP":"[::1]:63230"},"file":"AuthenticationHandler.go:90","func":"gateway/module/infrastructure/handlers.AuthenticationHandler.LoginUser","level":"info","msg":"INFO:Handling LOGIN","time":"2022-06-17T13:52:45Z"}
{"data":{"user":"jradman12","userIP":"[::1]:57416"},"file":"AuthenticationHandler.go:207","func":"gateway/module/infrastructure/handlers.AuthenticationHandler.PasswordLessLoginReq","level":"info","msg":"INFO:Handling PasswordLessLoginReq","time":"2022-06-17T13:55:29Z"}
{"data":{"user":"jradman12","userIP":"[::1]:57416"},"file":"AuthenticationHandler.go:207","func":"gateway/module/infrastructure/handlers.AuthenticationHandler.PasswordLessLoginReq","level":"info","msg":"INFO:Handling PasswordLessLoginReq","time":"2022-06-17T13:55:30Z"}
{"data":{"userIP":"[::1]:57425"},"file":"AuthenticationHandler.go:265","func":"gateway/module/infrastructure/handlers.AuthenticationHandler.PasswordlessLogin","level":"info","msg":"INFO:Handling PasswordlessLogin","time":"2022-06-17T13:55:46Z"}
